25-Dec-2024 16:33:25.135 INFO [main] org.apache.catalina.startup.VersionLoggerListener.log Server version name:   Apache Tomcat/10.1.34
25-Dec-2024 16:33:25.139 INFO [main] org.apache.catalina.startup.VersionLoggerListener.log Server built:          Dec 5 2024 16:01:16 UTC
25-Dec-2024 16:33:25.139 INFO [main] org.apache.catalina.startup.VersionLoggerListener.log Server version number: 10.1.34.0
25-Dec-2024 16:33:25.139 INFO [main] org.apache.catalina.startup.VersionLoggerListener.log OS Name:               Windows 11
25-Dec-2024 16:33:25.139 INFO [main] org.apache.catalina.startup.VersionLoggerListener.log OS Version:            10.0
25-Dec-2024 16:33:25.140 INFO [main] org.apache.catalina.startup.VersionLoggerListener.log Architecture:          amd64
25-Dec-2024 16:33:25.140 INFO [main] org.apache.catalina.startup.VersionLoggerListener.log Java Home:             C:\Users\elanc\.jdks\openjdk-22.0.2
25-Dec-2024 16:33:25.140 INFO [main] org.apache.catalina.startup.VersionLoggerListener.log JVM Version:           22.0.2+9-70
25-Dec-2024 16:33:25.140 INFO [main] org.apache.catalina.startup.VersionLoggerListener.log JVM Vendor:            Oracle Corporation
25-Dec-2024 16:33:25.141 INFO [main] org.apache.catalina.startup.VersionLoggerListener.log CATALINA_BASE:         D:\Spring-mvc-mongodb\Spring-mvc-mongodb
25-Dec-2024 16:33:25.141 INFO [main] org.apache.catalina.startup.VersionLoggerListener.log CATALINA_HOME:         C:\Users\elanc\Downloads\apache-tomcat-10.1.34-windows-x64\apache-tomcat-10.1.34
25-Dec-2024 16:33:25.151 INFO [main] org.apache.catalina.startup.VersionLoggerListener.log Command line argument: --add-opens=java.base/java.lang=ALL-UNNAMED
25-Dec-2024 16:33:25.151 INFO [main] org.apache.catalina.startup.VersionLoggerListener.log Command line argument: --add-opens=java.base/java.io=ALL-UNNAMED
25-Dec-2024 16:33:25.152 INFO [main] org.apache.catalina.startup.VersionLoggerListener.log Command line argument: --add-opens=java.base/java.util=ALL-UNNAMED
25-Dec-2024 16:33:25.152 INFO [main] org.apache.catalina.startup.VersionLoggerListener.log Command line argument: --add-opens=java.base/java.util.concurrent=ALL-UNNAMED
25-Dec-2024 16:33:25.152 INFO [main] org.apache.catalina.startup.VersionLoggerListener.log Command line argument: --add-opens=java.rmi/sun.rmi.transport=ALL-UNNAMED
25-Dec-2024 16:33:25.152 INFO [main] org.apache.catalina.startup.VersionLoggerListener.log Command line argument: -Dcatalina.home=C:\Users\elanc\Downloads\apache-tomcat-10.1.34-windows-x64\apache-tomcat-10.1.34
25-Dec-2024 16:33:25.152 INFO [main] org.apache.catalina.startup.VersionLoggerListener.log Command line argument: -Dcatalina.base=D:\Spring-mvc-mongodb\Spring-mvc-mongodb
25-Dec-2024 16:33:25.152 INFO [main] org.apache.catalina.startup.VersionLoggerListener.log Command line argument: -Djava.io.tmpdir=D:\Spring-mvc-mongodb\Spring-mvc-mongodb\temp
25-Dec-2024 16:33:25.152 INFO [main] org.apache.catalina.startup.VersionLoggerListener.log Command line argument: -Djava.util.logging.config.file=D:\Spring-mvc-mongodb\Spring-mvc-mongodb\conf\logging.properties
25-Dec-2024 16:33:25.152 INFO [main] org.apache.catalina.startup.VersionLoggerListener.log Command line argument: -Djava.util.logging.manager=org.apache.juli.ClassLoaderLogManager
25-Dec-2024 16:33:25.153 INFO [main] org.apache.catalina.startup.VersionLoggerListener.log Command line argument: -javaagent:C:\Program Files\JetBrains\IntelliJ IDEA Community Edition 2024.2.1\lib\idea_rt.jar=54801:C:\Program Files\JetBrains\IntelliJ IDEA Community Edition 2024.2.1\bin
25-Dec-2024 16:33:25.153 INFO [main] org.apache.catalina.startup.VersionLoggerListener.log Command line argument: -Dfile.encoding=UTF-8
25-Dec-2024 16:33:25.153 INFO [main] org.apache.catalina.startup.VersionLoggerListener.log Command line argument: -Dsun.stdout.encoding=UTF-8
25-Dec-2024 16:33:25.153 INFO [main] org.apache.catalina.startup.VersionLoggerListener.log Command line argument: -Dsun.stderr.encoding=UTF-8
25-Dec-2024 16:33:25.156 INFO [main] org.apache.catalina.core.AprLifecycleListener.lifecycleEvent Loaded Apache Tomcat Native library [2.0.8] using APR version [1.7.4].
25-Dec-2024 16:33:25.161 INFO [main] org.apache.catalina.core.AprLifecycleListener.initializeSSL OpenSSL successfully initialized [OpenSSL 3.0.14 4 Jun 2024]
25-Dec-2024 16:33:25.478 INFO [main] org.apache.coyote.AbstractProtocol.init Initializing ProtocolHandler ["http-nio-8080"]
25-Dec-2024 16:33:25.497 INFO [main] org.apache.catalina.startup.Catalina.load Server initialization in [565] milliseconds
25-Dec-2024 16:33:25.567 INFO [main] org.apache.catalina.core.StandardService.startInternal Starting service [Catalina]
25-Dec-2024 16:33:25.567 INFO [main] org.apache.catalina.core.StandardEngine.startInternal Starting Servlet engine: [Apache Tomcat/10.1.34]
25-Dec-2024 16:33:25.579 INFO [main] org.apache.catalina.startup.HostConfig.deployDescriptor Deploying deployment descriptor [D:\Spring-mvc-mongodb\Spring-mvc-mongodb\conf\Catalina\localhost\Spring-mvc-mongodb.xml]
25-Dec-2024 16:33:29.354 INFO [main] org.apache.jasper.servlet.TldScanner.scanJars At least one JAR was scanned for TLDs yet contained no TLDs. Enable debug logging for this logger for a complete list of JARs that were scanned but no TLDs were found in them. Skipping unneeded JARs during scanning can improve startup time and JSP compilation time.
25-Dec-2024 16:33:32.181 INFO [main] org.apache.catalina.startup.HostConfig.deployDescriptor Deployment of deployment descriptor [D:\Spring-mvc-mongodb\Spring-mvc-mongodb\conf\Catalina\localhost\Spring-mvc-mongodb.xml] has finished in [6,600] ms
25-Dec-2024 16:33:32.185 INFO [main] org.apache.coyote.AbstractProtocol.start Starting ProtocolHandler ["http-nio-8080"]
25-Dec-2024 16:33:32.201 INFO [main] org.apache.catalina.startup.Catalina.start Server startup in [6702] milliseconds
25-Dec-2024 16:33:50.301 INFO [Thread-1] org.apache.coyote.AbstractProtocol.pause Pausing ProtocolHandler ["http-nio-8080"]
25-Dec-2024 16:33:50.311 INFO [Thread-1] org.apache.catalina.core.StandardService.stopInternal Stopping service [Catalina]
25-Dec-2024 16:33:50.352 WARNING [Thread-1] org.apache.catalina.loader.WebappClassLoaderBase.clearReferencesThreads The web application [Spring-mvc-mongodb] appears to have started a thread named [BufferPoolPruner-1-thread-1] but has failed to stop it. This is very likely to create a memory leak. Stack trace of thread:
 java.base/jdk.internal.misc.Unsafe.park(Native Method)
 java.base/java.util.concurrent.locks.LockSupport.parkNanos(LockSupport.java:269)
 java.base/java.util.concurrent.locks.AbstractQueuedSynchronizer$ConditionObject.awaitNanos(AbstractQueuedSynchronizer.java:1758)
 java.base/java.util.concurrent.ScheduledThreadPoolExecutor$DelayedWorkQueue.take(ScheduledThreadPoolExecutor.java:1182)
 java.base/java.util.concurrent.ScheduledThreadPoolExecutor$DelayedWorkQueue.take(ScheduledThreadPoolExecutor.java:899)
 java.base/java.util.concurrent.ThreadPoolExecutor.getTask(ThreadPoolExecutor.java:1070)
 java.base/java.util.concurrent.ThreadPoolExecutor.runWorker(ThreadPoolExecutor.java:1130)
 java.base/java.util.concurrent.ThreadPoolExecutor$Worker.run(ThreadPoolExecutor.java:642)
 java.base/java.lang.Thread.run(Thread.java:1570)
25-Dec-2024 16:33:50.368 INFO [Thread-1] org.apache.coyote.AbstractProtocol.stop Stopping ProtocolHandler ["http-nio-8080"]
25-Dec-2024 16:33:50.381 INFO [Thread-1] org.apache.coyote.AbstractProtocol.destroy Destroying ProtocolHandler ["http-nio-8080"]
25-Dec-2024 16:34:14.582 INFO [main] org.apache.catalina.startup.VersionLoggerListener.log Server version name:   Apache Tomcat/10.1.34
25-Dec-2024 16:34:14.586 INFO [main] org.apache.catalina.startup.VersionLoggerListener.log Server built:          Dec 5 2024 16:01:16 UTC
25-Dec-2024 16:34:14.586 INFO [main] org.apache.catalina.startup.VersionLoggerListener.log Server version number: 10.1.34.0
25-Dec-2024 16:34:14.587 INFO [main] org.apache.catalina.startup.VersionLoggerListener.log OS Name:               Windows 11
25-Dec-2024 16:34:14.587 INFO [main] org.apache.catalina.startup.VersionLoggerListener.log OS Version:            10.0
25-Dec-2024 16:34:14.587 INFO [main] org.apache.catalina.startup.VersionLoggerListener.log Architecture:          amd64
25-Dec-2024 16:34:14.587 INFO [main] org.apache.catalina.startup.VersionLoggerListener.log Java Home:             C:\Users\elanc\.jdks\openjdk-22.0.2
25-Dec-2024 16:34:14.587 INFO [main] org.apache.catalina.startup.VersionLoggerListener.log JVM Version:           22.0.2+9-70
25-Dec-2024 16:34:14.587 INFO [main] org.apache.catalina.startup.VersionLoggerListener.log JVM Vendor:            Oracle Corporation
25-Dec-2024 16:34:14.588 INFO [main] org.apache.catalina.startup.VersionLoggerListener.log CATALINA_BASE:         D:\Spring-mvc-mongodb\Spring-mvc-mongodb
25-Dec-2024 16:34:14.588 INFO [main] org.apache.catalina.startup.VersionLoggerListener.log CATALINA_HOME:         C:\Users\elanc\Downloads\apache-tomcat-10.1.34-windows-x64\apache-tomcat-10.1.34
25-Dec-2024 16:34:14.599 INFO [main] org.apache.catalina.startup.VersionLoggerListener.log Command line argument: --add-opens=java.base/java.lang=ALL-UNNAMED
25-Dec-2024 16:34:14.599 INFO [main] org.apache.catalina.startup.VersionLoggerListener.log Command line argument: --add-opens=java.base/java.io=ALL-UNNAMED
25-Dec-2024 16:34:14.599 INFO [main] org.apache.catalina.startup.VersionLoggerListener.log Command line argument: --add-opens=java.base/java.util=ALL-UNNAMED
25-Dec-2024 16:34:14.599 INFO [main] org.apache.catalina.startup.VersionLoggerListener.log Command line argument: --add-opens=java.base/java.util.concurrent=ALL-UNNAMED
25-Dec-2024 16:34:14.599 INFO [main] org.apache.catalina.startup.VersionLoggerListener.log Command line argument: --add-opens=java.rmi/sun.rmi.transport=ALL-UNNAMED
25-Dec-2024 16:34:14.599 INFO [main] org.apache.catalina.startup.VersionLoggerListener.log Command line argument: -Dcatalina.home=C:\Users\elanc\Downloads\apache-tomcat-10.1.34-windows-x64\apache-tomcat-10.1.34
25-Dec-2024 16:34:14.599 INFO [main] org.apache.catalina.startup.VersionLoggerListener.log Command line argument: -Dcatalina.base=D:\Spring-mvc-mongodb\Spring-mvc-mongodb
25-Dec-2024 16:34:14.600 INFO [main] org.apache.catalina.startup.VersionLoggerListener.log Command line argument: -Djava.io.tmpdir=D:\Spring-mvc-mongodb\Spring-mvc-mongodb\temp
25-Dec-2024 16:34:14.600 INFO [main] org.apache.catalina.startup.VersionLoggerListener.log Command line argument: -Djava.util.logging.config.file=D:\Spring-mvc-mongodb\Spring-mvc-mongodb\conf\logging.properties
25-Dec-2024 16:34:14.600 INFO [main] org.apache.catalina.startup.VersionLoggerListener.log Command line argument: -Djava.util.logging.manager=org.apache.juli.ClassLoaderLogManager
25-Dec-2024 16:34:14.600 INFO [main] org.apache.catalina.startup.VersionLoggerListener.log Command line argument: -javaagent:C:\Program Files\JetBrains\IntelliJ IDEA Community Edition 2024.2.1\lib\idea_rt.jar=54840:C:\Program Files\JetBrains\IntelliJ IDEA Community Edition 2024.2.1\bin
25-Dec-2024 16:34:14.601 INFO [main] org.apache.catalina.startup.VersionLoggerListener.log Command line argument: -Dfile.encoding=UTF-8
25-Dec-2024 16:34:14.601 INFO [main] org.apache.catalina.startup.VersionLoggerListener.log Command line argument: -Dsun.stdout.encoding=UTF-8
25-Dec-2024 16:34:14.601 INFO [main] org.apache.catalina.startup.VersionLoggerListener.log Command line argument: -Dsun.stderr.encoding=UTF-8
25-Dec-2024 16:34:14.603 INFO [main] org.apache.catalina.core.AprLifecycleListener.lifecycleEvent Loaded Apache Tomcat Native library [2.0.8] using APR version [1.7.4].
25-Dec-2024 16:34:14.609 INFO [main] org.apache.catalina.core.AprLifecycleListener.initializeSSL OpenSSL successfully initialized [OpenSSL 3.0.14 4 Jun 2024]
25-Dec-2024 16:34:14.907 INFO [main] org.apache.coyote.AbstractProtocol.init Initializing ProtocolHandler ["http-nio-8080"]
25-Dec-2024 16:34:14.922 INFO [main] org.apache.catalina.startup.Catalina.load Server initialization in [527] milliseconds
25-Dec-2024 16:34:15.016 INFO [main] org.apache.catalina.core.StandardService.startInternal Starting service [Catalina]
25-Dec-2024 16:34:15.017 INFO [main] org.apache.catalina.core.StandardEngine.startInternal Starting Servlet engine: [Apache Tomcat/10.1.34]
25-Dec-2024 16:34:15.032 INFO [main] org.apache.catalina.startup.HostConfig.deployDescriptor Deploying deployment descriptor [D:\Spring-mvc-mongodb\Spring-mvc-mongodb\conf\Catalina\localhost\Spring-mvc-mongodb.xml]
25-Dec-2024 16:34:18.655 INFO [main] org.apache.jasper.servlet.TldScanner.scanJars At least one JAR was scanned for TLDs yet contained no TLDs. Enable debug logging for this logger for a complete list of JARs that were scanned but no TLDs were found in them. Skipping unneeded JARs during scanning can improve startup time and JSP compilation time.
25-Dec-2024 16:34:21.452 INFO [main] org.apache.catalina.startup.HostConfig.deployDescriptor Deployment of deployment descriptor [D:\Spring-mvc-mongodb\Spring-mvc-mongodb\conf\Catalina\localhost\Spring-mvc-mongodb.xml] has finished in [6,418] ms
25-Dec-2024 16:34:21.455 INFO [main] org.apache.coyote.AbstractProtocol.start Starting ProtocolHandler ["http-nio-8080"]
25-Dec-2024 16:34:21.471 INFO [main] org.apache.catalina.startup.Catalina.start Server startup in [6545] milliseconds
25-Dec-2024 16:35:22.341 INFO [Thread-1] org.apache.coyote.AbstractProtocol.pause Pausing ProtocolHandler ["http-nio-8080"]
25-Dec-2024 16:35:22.344 INFO [Thread-1] org.apache.catalina.core.StandardService.stopInternal Stopping service [Catalina]
25-Dec-2024 16:35:22.359 WARNING [Thread-1] org.apache.catalina.loader.WebappClassLoaderBase.clearReferencesThreads The web application [Spring-mvc-mongodb] appears to have started a thread named [BufferPoolPruner-1-thread-1] but has failed to stop it. This is very likely to create a memory leak. Stack trace of thread:
 java.base/jdk.internal.misc.Unsafe.park(Native Method)
 java.base/java.util.concurrent.locks.LockSupport.parkNanos(LockSupport.java:269)
 java.base/java.util.concurrent.locks.AbstractQueuedSynchronizer$ConditionObject.awaitNanos(AbstractQueuedSynchronizer.java:1758)
 java.base/java.util.concurrent.ScheduledThreadPoolExecutor$DelayedWorkQueue.take(ScheduledThreadPoolExecutor.java:1182)
 java.base/java.util.concurrent.ScheduledThreadPoolExecutor$DelayedWorkQueue.take(ScheduledThreadPoolExecutor.java:899)
 java.base/java.util.concurrent.ThreadPoolExecutor.getTask(ThreadPoolExecutor.java:1070)
 java.base/java.util.concurrent.ThreadPoolExecutor.runWorker(ThreadPoolExecutor.java:1130)
 java.base/java.util.concurrent.ThreadPoolExecutor$Worker.run(ThreadPoolExecutor.java:642)
 java.base/java.lang.Thread.run(Thread.java:1570)
25-Dec-2024 16:35:22.363 INFO [Thread-1] org.apache.coyote.AbstractProtocol.stop Stopping ProtocolHandler ["http-nio-8080"]
25-Dec-2024 16:35:22.374 INFO [Thread-1] org.apache.coyote.AbstractProtocol.destroy Destroying ProtocolHandler ["http-nio-8080"]
25-Dec-2024 16:35:24.186 INFO [main] org.apache.catalina.startup.VersionLoggerListener.log Server version name:   Apache Tomcat/10.1.34
25-Dec-2024 16:35:24.190 INFO [main] org.apache.catalina.startup.VersionLoggerListener.log Server built:          Dec 5 2024 16:01:16 UTC
25-Dec-2024 16:35:24.191 INFO [main] org.apache.catalina.startup.VersionLoggerListener.log Server version number: 10.1.34.0
25-Dec-2024 16:35:24.191 INFO [main] org.apache.catalina.startup.VersionLoggerListener.log OS Name:               Windows 11
25-Dec-2024 16:35:24.191 INFO [main] org.apache.catalina.startup.VersionLoggerListener.log OS Version:            10.0
25-Dec-2024 16:35:24.191 INFO [main] org.apache.catalina.startup.VersionLoggerListener.log Architecture:          amd64
25-Dec-2024 16:35:24.191 INFO [main] org.apache.catalina.startup.VersionLoggerListener.log Java Home:             C:\Users\elanc\.jdks\openjdk-22.0.2
25-Dec-2024 16:35:24.191 INFO [main] org.apache.catalina.startup.VersionLoggerListener.log JVM Version:           22.0.2+9-70
25-Dec-2024 16:35:24.191 INFO [main] org.apache.catalina.startup.VersionLoggerListener.log JVM Vendor:            Oracle Corporation
25-Dec-2024 16:35:24.191 INFO [main] org.apache.catalina.startup.VersionLoggerListener.log CATALINA_BASE:         D:\Spring-mvc-mongodb\Spring-mvc-mongodb
25-Dec-2024 16:35:24.191 INFO [main] org.apache.catalina.startup.VersionLoggerListener.log CATALINA_HOME:         C:\Users\elanc\Downloads\apache-tomcat-10.1.34-windows-x64\apache-tomcat-10.1.34
25-Dec-2024 16:35:24.200 INFO [main] org.apache.catalina.startup.VersionLoggerListener.log Command line argument: --add-opens=java.base/java.lang=ALL-UNNAMED
25-Dec-2024 16:35:24.200 INFO [main] org.apache.catalina.startup.VersionLoggerListener.log Command line argument: --add-opens=java.base/java.io=ALL-UNNAMED
25-Dec-2024 16:35:24.200 INFO [main] org.apache.catalina.startup.VersionLoggerListener.log Command line argument: --add-opens=java.base/java.util=ALL-UNNAMED
25-Dec-2024 16:35:24.200 INFO [main] org.apache.catalina.startup.VersionLoggerListener.log Command line argument: --add-opens=java.base/java.util.concurrent=ALL-UNNAMED
25-Dec-2024 16:35:24.200 INFO [main] org.apache.catalina.startup.VersionLoggerListener.log Command line argument: --add-opens=java.rmi/sun.rmi.transport=ALL-UNNAMED
25-Dec-2024 16:35:24.200 INFO [main] org.apache.catalina.startup.VersionLoggerListener.log Command line argument: -Dcatalina.home=C:\Users\elanc\Downloads\apache-tomcat-10.1.34-windows-x64\apache-tomcat-10.1.34
25-Dec-2024 16:35:24.200 INFO [main] org.apache.catalina.startup.VersionLoggerListener.log Command line argument: -Dcatalina.base=D:\Spring-mvc-mongodb\Spring-mvc-mongodb
25-Dec-2024 16:35:24.200 INFO [main] org.apache.catalina.startup.VersionLoggerListener.log Command line argument: -Djava.io.tmpdir=D:\Spring-mvc-mongodb\Spring-mvc-mongodb\temp
25-Dec-2024 16:35:24.200 INFO [main] org.apache.catalina.startup.VersionLoggerListener.log Command line argument: -Djava.util.logging.config.file=D:\Spring-mvc-mongodb\Spring-mvc-mongodb\conf\logging.properties
25-Dec-2024 16:35:24.200 INFO [main] org.apache.catalina.startup.VersionLoggerListener.log Command line argument: -Djava.util.logging.manager=org.apache.juli.ClassLoaderLogManager
25-Dec-2024 16:35:24.201 INFO [main] org.apache.catalina.startup.VersionLoggerListener.log Command line argument: -javaagent:C:\Program Files\JetBrains\IntelliJ IDEA Community Edition 2024.2.1\lib\idea_rt.jar=54899:C:\Program Files\JetBrains\IntelliJ IDEA Community Edition 2024.2.1\bin
25-Dec-2024 16:35:24.201 INFO [main] org.apache.catalina.startup.VersionLoggerListener.log Command line argument: -Dfile.encoding=UTF-8
25-Dec-2024 16:35:24.201 INFO [main] org.apache.catalina.startup.VersionLoggerListener.log Command line argument: -Dsun.stdout.encoding=UTF-8
25-Dec-2024 16:35:24.201 INFO [main] org.apache.catalina.startup.VersionLoggerListener.log Command line argument: -Dsun.stderr.encoding=UTF-8
25-Dec-2024 16:35:24.203 INFO [main] org.apache.catalina.core.AprLifecycleListener.lifecycleEvent Loaded Apache Tomcat Native library [2.0.8] using APR version [1.7.4].
25-Dec-2024 16:35:24.208 INFO [main] org.apache.catalina.core.AprLifecycleListener.initializeSSL OpenSSL successfully initialized [OpenSSL 3.0.14 4 Jun 2024]
25-Dec-2024 16:35:24.491 INFO [main] org.apache.coyote.AbstractProtocol.init Initializing ProtocolHandler ["http-nio-8080"]
25-Dec-2024 16:35:24.509 INFO [main] org.apache.catalina.startup.Catalina.load Server initialization in [493] milliseconds
25-Dec-2024 16:35:24.599 INFO [main] org.apache.catalina.core.StandardService.startInternal Starting service [Catalina]
25-Dec-2024 16:35:24.599 INFO [main] org.apache.catalina.core.StandardEngine.startInternal Starting Servlet engine: [Apache Tomcat/10.1.34]
25-Dec-2024 16:35:24.608 INFO [main] org.apache.catalina.startup.HostConfig.deployDescriptor Deploying deployment descriptor [D:\Spring-mvc-mongodb\Spring-mvc-mongodb\conf\Catalina\localhost\Spring-mvc-mongodb.xml]
25-Dec-2024 16:35:27.653 INFO [main] org.apache.jasper.servlet.TldScanner.scanJars At least one JAR was scanned for TLDs yet contained no TLDs. Enable debug logging for this logger for a complete list of JARs that were scanned but no TLDs were found in them. Skipping unneeded JARs during scanning can improve startup time and JSP compilation time.
25-Dec-2024 16:35:29.998 INFO [main] org.apache.catalina.startup.HostConfig.deployDescriptor Deployment of deployment descriptor [D:\Spring-mvc-mongodb\Spring-mvc-mongodb\conf\Catalina\localhost\Spring-mvc-mongodb.xml] has finished in [5,390] ms
25-Dec-2024 16:35:30.001 INFO [main] org.apache.coyote.AbstractProtocol.start Starting ProtocolHandler ["http-nio-8080"]
25-Dec-2024 16:35:30.017 INFO [main] org.apache.catalina.startup.Catalina.start Server startup in [5506] milliseconds
25-Dec-2024 16:36:37.349 INFO [Thread-1] org.apache.coyote.AbstractProtocol.pause Pausing ProtocolHandler ["http-nio-8080"]
25-Dec-2024 16:36:37.352 INFO [Thread-1] org.apache.catalina.core.StandardService.stopInternal Stopping service [Catalina]
25-Dec-2024 16:36:37.372 WARNING [Thread-1] org.apache.catalina.loader.WebappClassLoaderBase.clearReferencesThreads The web application [Spring-mvc-mongodb] appears to have started a thread named [BufferPoolPruner-1-thread-1] but has failed to stop it. This is very likely to create a memory leak. Stack trace of thread:
 java.base/jdk.internal.misc.Unsafe.park(Native Method)
 java.base/java.util.concurrent.locks.LockSupport.parkNanos(LockSupport.java:269)
 java.base/java.util.concurrent.locks.AbstractQueuedSynchronizer$ConditionObject.awaitNanos(AbstractQueuedSynchronizer.java:1758)
 java.base/java.util.concurrent.ScheduledThreadPoolExecutor$DelayedWorkQueue.take(ScheduledThreadPoolExecutor.java:1182)
 java.base/java.util.concurrent.ScheduledThreadPoolExecutor$DelayedWorkQueue.take(ScheduledThreadPoolExecutor.java:899)
 java.base/java.util.concurrent.ThreadPoolExecutor.getTask(ThreadPoolExecutor.java:1070)
 java.base/java.util.concurrent.ThreadPoolExecutor.runWorker(ThreadPoolExecutor.java:1130)
 java.base/java.util.concurrent.ThreadPoolExecutor$Worker.run(ThreadPoolExecutor.java:642)
 java.base/java.lang.Thread.run(Thread.java:1570)
25-Dec-2024 16:36:37.377 INFO [Thread-1] org.apache.coyote.AbstractProtocol.stop Stopping ProtocolHandler ["http-nio-8080"]
25-Dec-2024 16:36:37.381 INFO [Thread-1] org.apache.coyote.AbstractProtocol.destroy Destroying ProtocolHandler ["http-nio-8080"]
25-Dec-2024 16:36:48.124 INFO [main] org.apache.catalina.startup.VersionLoggerListener.log Server version name:   Apache Tomcat/10.1.34
25-Dec-2024 16:36:48.128 INFO [main] org.apache.catalina.startup.VersionLoggerListener.log Server built:          Dec 5 2024 16:01:16 UTC
25-Dec-2024 16:36:48.128 INFO [main] org.apache.catalina.startup.VersionLoggerListener.log Server version number: 10.1.34.0
25-Dec-2024 16:36:48.128 INFO [main] org.apache.catalina.startup.VersionLoggerListener.log OS Name:               Windows 11
25-Dec-2024 16:36:48.128 INFO [main] org.apache.catalina.startup.VersionLoggerListener.log OS Version:            10.0
25-Dec-2024 16:36:48.129 INFO [main] org.apache.catalina.startup.VersionLoggerListener.log Architecture:          amd64
25-Dec-2024 16:36:48.129 INFO [main] org.apache.catalina.startup.VersionLoggerListener.log Java Home:             C:\Users\elanc\.jdks\openjdk-22.0.2
25-Dec-2024 16:36:48.129 INFO [main] org.apache.catalina.startup.VersionLoggerListener.log JVM Version:           22.0.2+9-70
25-Dec-2024 16:36:48.129 INFO [main] org.apache.catalina.startup.VersionLoggerListener.log JVM Vendor:            Oracle Corporation
25-Dec-2024 16:36:48.129 INFO [main] org.apache.catalina.startup.VersionLoggerListener.log CATALINA_BASE:         D:\Spring-mvc-mongodb\Spring-mvc-mongodb
25-Dec-2024 16:36:48.129 INFO [main] org.apache.catalina.startup.VersionLoggerListener.log CATALINA_HOME:         C:\Users\elanc\Downloads\apache-tomcat-10.1.34-windows-x64\apache-tomcat-10.1.34
25-Dec-2024 16:36:48.137 INFO [main] org.apache.catalina.startup.VersionLoggerListener.log Command line argument: --add-opens=java.base/java.lang=ALL-UNNAMED
25-Dec-2024 16:36:48.137 INFO [main] org.apache.catalina.startup.VersionLoggerListener.log Command line argument: --add-opens=java.base/java.io=ALL-UNNAMED
25-Dec-2024 16:36:48.137 INFO [main] org.apache.catalina.startup.VersionLoggerListener.log Command line argument: --add-opens=java.base/java.util=ALL-UNNAMED
25-Dec-2024 16:36:48.137 INFO [main] org.apache.catalina.startup.VersionLoggerListener.log Command line argument: --add-opens=java.base/java.util.concurrent=ALL-UNNAMED
25-Dec-2024 16:36:48.137 INFO [main] org.apache.catalina.startup.VersionLoggerListener.log Command line argument: --add-opens=java.rmi/sun.rmi.transport=ALL-UNNAMED
25-Dec-2024 16:36:48.137 INFO [main] org.apache.catalina.startup.VersionLoggerListener.log Command line argument: -Dcatalina.home=C:\Users\elanc\Downloads\apache-tomcat-10.1.34-windows-x64\apache-tomcat-10.1.34
25-Dec-2024 16:36:48.138 INFO [main] org.apache.catalina.startup.VersionLoggerListener.log Command line argument: -Dcatalina.base=D:\Spring-mvc-mongodb\Spring-mvc-mongodb
25-Dec-2024 16:36:48.138 INFO [main] org.apache.catalina.startup.VersionLoggerListener.log Command line argument: -Djava.io.tmpdir=D:\Spring-mvc-mongodb\Spring-mvc-mongodb\temp
25-Dec-2024 16:36:48.138 INFO [main] org.apache.catalina.startup.VersionLoggerListener.log Command line argument: -Djava.util.logging.config.file=D:\Spring-mvc-mongodb\Spring-mvc-mongodb\conf\logging.properties
25-Dec-2024 16:36:48.138 INFO [main] org.apache.catalina.startup.VersionLoggerListener.log Command line argument: -Djava.util.logging.manager=org.apache.juli.ClassLoaderLogManager
25-Dec-2024 16:36:48.139 INFO [main] org.apache.catalina.startup.VersionLoggerListener.log Command line argument: -javaagent:C:\Program Files\JetBrains\IntelliJ IDEA Community Edition 2024.2.1\lib\idea_rt.jar=54993:C:\Program Files\JetBrains\IntelliJ IDEA Community Edition 2024.2.1\bin
25-Dec-2024 16:36:48.139 INFO [main] org.apache.catalina.startup.VersionLoggerListener.log Command line argument: -Dfile.encoding=UTF-8
25-Dec-2024 16:36:48.139 INFO [main] org.apache.catalina.startup.VersionLoggerListener.log Command line argument: -Dsun.stdout.encoding=UTF-8
25-Dec-2024 16:36:48.139 INFO [main] org.apache.catalina.startup.VersionLoggerListener.log Command line argument: -Dsun.stderr.encoding=UTF-8
25-Dec-2024 16:36:48.141 INFO [main] org.apache.catalina.core.AprLifecycleListener.lifecycleEvent Loaded Apache Tomcat Native library [2.0.8] using APR version [1.7.4].
25-Dec-2024 16:36:48.146 INFO [main] org.apache.catalina.core.AprLifecycleListener.initializeSSL OpenSSL successfully initialized [OpenSSL 3.0.14 4 Jun 2024]
25-Dec-2024 16:36:48.412 INFO [main] org.apache.coyote.AbstractProtocol.init Initializing ProtocolHandler ["http-nio-8080"]
25-Dec-2024 16:36:48.428 INFO [main] org.apache.catalina.startup.Catalina.load Server initialization in [475] milliseconds
25-Dec-2024 16:36:48.487 INFO [main] org.apache.catalina.core.StandardService.startInternal Starting service [Catalina]
25-Dec-2024 16:36:48.487 INFO [main] org.apache.catalina.core.StandardEngine.startInternal Starting Servlet engine: [Apache Tomcat/10.1.34]
25-Dec-2024 16:36:48.497 INFO [main] org.apache.catalina.startup.HostConfig.deployDescriptor Deploying deployment descriptor [D:\Spring-mvc-mongodb\Spring-mvc-mongodb\conf\Catalina\localhost\Spring-mvc-mongodb.xml]
25-Dec-2024 16:36:51.432 INFO [main] org.apache.jasper.servlet.TldScanner.scanJars At least one JAR was scanned for TLDs yet contained no TLDs. Enable debug logging for this logger for a complete list of JARs that were scanned but no TLDs were found in them. Skipping unneeded JARs during scanning can improve startup time and JSP compilation time.
25-Dec-2024 16:36:53.764 INFO [main] org.apache.catalina.startup.HostConfig.deployDescriptor Deployment of deployment descriptor [D:\Spring-mvc-mongodb\Spring-mvc-mongodb\conf\Catalina\localhost\Spring-mvc-mongodb.xml] has finished in [5,266] ms
25-Dec-2024 16:36:53.767 INFO [main] org.apache.coyote.AbstractProtocol.start Starting ProtocolHandler ["http-nio-8080"]
25-Dec-2024 16:36:53.780 INFO [main] org.apache.catalina.startup.Catalina.start Server startup in [5351] milliseconds
25-Dec-2024 16:38:42.338 INFO [Thread-1] org.apache.coyote.AbstractProtocol.pause Pausing ProtocolHandler ["http-nio-8080"]
25-Dec-2024 16:38:42.342 INFO [Thread-1] org.apache.catalina.core.StandardService.stopInternal Stopping service [Catalina]
25-Dec-2024 16:38:42.368 WARNING [Thread-1] org.apache.catalina.loader.WebappClassLoaderBase.clearReferencesThreads The web application [Spring-mvc-mongodb] appears to have started a thread named [BufferPoolPruner-1-thread-1] but has failed to stop it. This is very likely to create a memory leak. Stack trace of thread:
 java.base/jdk.internal.misc.Unsafe.park(Native Method)
 java.base/java.util.concurrent.locks.LockSupport.parkNanos(LockSupport.java:269)
 java.base/java.util.concurrent.locks.AbstractQueuedSynchronizer$ConditionObject.awaitNanos(AbstractQueuedSynchronizer.java:1758)
 java.base/java.util.concurrent.ScheduledThreadPoolExecutor$DelayedWorkQueue.take(ScheduledThreadPoolExecutor.java:1182)
 java.base/java.util.concurrent.ScheduledThreadPoolExecutor$DelayedWorkQueue.take(ScheduledThreadPoolExecutor.java:899)
 java.base/java.util.concurrent.ThreadPoolExecutor.getTask(ThreadPoolExecutor.java:1070)
 java.base/java.util.concurrent.ThreadPoolExecutor.runWorker(ThreadPoolExecutor.java:1130)
 java.base/java.util.concurrent.ThreadPoolExecutor$Worker.run(ThreadPoolExecutor.java:642)
 java.base/java.lang.Thread.run(Thread.java:1570)
25-Dec-2024 16:38:42.372 INFO [Thread-1] org.apache.coyote.AbstractProtocol.stop Stopping ProtocolHandler ["http-nio-8080"]
25-Dec-2024 16:38:42.384 INFO [Thread-1] org.apache.coyote.AbstractProtocol.destroy Destroying ProtocolHandler ["http-nio-8080"]
25-Dec-2024 16:42:54.803 INFO [main] org.apache.catalina.startup.VersionLoggerListener.log Server version name:   Apache Tomcat/10.1.34
25-Dec-2024 16:42:54.806 INFO [main] org.apache.catalina.startup.VersionLoggerListener.log Server built:          Dec 5 2024 16:01:16 UTC
25-Dec-2024 16:42:54.806 INFO [main] org.apache.catalina.startup.VersionLoggerListener.log Server version number: 10.1.34.0
25-Dec-2024 16:42:54.806 INFO [main] org.apache.catalina.startup.VersionLoggerListener.log OS Name:               Windows 11
25-Dec-2024 16:42:54.806 INFO [main] org.apache.catalina.startup.VersionLoggerListener.log OS Version:            10.0
25-Dec-2024 16:42:54.807 INFO [main] org.apache.catalina.startup.VersionLoggerListener.log Architecture:          amd64
25-Dec-2024 16:42:54.807 INFO [main] org.apache.catalina.startup.VersionLoggerListener.log Java Home:             C:\Users\elanc\.jdks\openjdk-22.0.2
25-Dec-2024 16:42:54.807 INFO [main] org.apache.catalina.startup.VersionLoggerListener.log JVM Version:           22.0.2+9-70
25-Dec-2024 16:42:54.807 INFO [main] org.apache.catalina.startup.VersionLoggerListener.log JVM Vendor:            Oracle Corporation
25-Dec-2024 16:42:54.807 INFO [main] org.apache.catalina.startup.VersionLoggerListener.log CATALINA_BASE:         D:\Spring-mvc-mongodb\Spring-mvc-mongodb
25-Dec-2024 16:42:54.808 INFO [main] org.apache.catalina.startup.VersionLoggerListener.log CATALINA_HOME:         C:\Users\elanc\Downloads\apache-tomcat-10.1.34-windows-x64\apache-tomcat-10.1.34
25-Dec-2024 16:42:54.816 INFO [main] org.apache.catalina.startup.VersionLoggerListener.log Command line argument: --add-opens=java.base/java.lang=ALL-UNNAMED
25-Dec-2024 16:42:54.816 INFO [main] org.apache.catalina.startup.VersionLoggerListener.log Command line argument: --add-opens=java.base/java.io=ALL-UNNAMED
25-Dec-2024 16:42:54.816 INFO [main] org.apache.catalina.startup.VersionLoggerListener.log Command line argument: --add-opens=java.base/java.util=ALL-UNNAMED
25-Dec-2024 16:42:54.816 INFO [main] org.apache.catalina.startup.VersionLoggerListener.log Command line argument: --add-opens=java.base/java.util.concurrent=ALL-UNNAMED
25-Dec-2024 16:42:54.816 INFO [main] org.apache.catalina.startup.VersionLoggerListener.log Command line argument: --add-opens=java.rmi/sun.rmi.transport=ALL-UNNAMED
25-Dec-2024 16:42:54.817 INFO [main] org.apache.catalina.startup.VersionLoggerListener.log Command line argument: -Dcatalina.home=C:\Users\elanc\Downloads\apache-tomcat-10.1.34-windows-x64\apache-tomcat-10.1.34
25-Dec-2024 16:42:54.817 INFO [main] org.apache.catalina.startup.VersionLoggerListener.log Command line argument: -Dcatalina.base=D:\Spring-mvc-mongodb\Spring-mvc-mongodb
25-Dec-2024 16:42:54.817 INFO [main] org.apache.catalina.startup.VersionLoggerListener.log Command line argument: -Djava.io.tmpdir=D:\Spring-mvc-mongodb\Spring-mvc-mongodb\temp
25-Dec-2024 16:42:54.817 INFO [main] org.apache.catalina.startup.VersionLoggerListener.log Command line argument: -Djava.util.logging.config.file=D:\Spring-mvc-mongodb\Spring-mvc-mongodb\conf\logging.properties
25-Dec-2024 16:42:54.817 INFO [main] org.apache.catalina.startup.VersionLoggerListener.log Command line argument: -Djava.util.logging.manager=org.apache.juli.ClassLoaderLogManager
25-Dec-2024 16:42:54.817 INFO [main] org.apache.catalina.startup.VersionLoggerListener.log Command line argument: -javaagent:C:\Program Files\JetBrains\IntelliJ IDEA Community Edition 2024.2.1\lib\idea_rt.jar=55251:C:\Program Files\JetBrains\IntelliJ IDEA Community Edition 2024.2.1\bin
25-Dec-2024 16:42:54.817 INFO [main] org.apache.catalina.startup.VersionLoggerListener.log Command line argument: -Dfile.encoding=UTF-8
25-Dec-2024 16:42:54.818 INFO [main] org.apache.catalina.startup.VersionLoggerListener.log Command line argument: -Dsun.stdout.encoding=UTF-8
25-Dec-2024 16:42:54.818 INFO [main] org.apache.catalina.startup.VersionLoggerListener.log Command line argument: -Dsun.stderr.encoding=UTF-8
25-Dec-2024 16:42:54.820 INFO [main] org.apache.catalina.core.AprLifecycleListener.lifecycleEvent Loaded Apache Tomcat Native library [2.0.8] using APR version [1.7.4].
25-Dec-2024 16:42:54.825 INFO [main] org.apache.catalina.core.AprLifecycleListener.initializeSSL OpenSSL successfully initialized [OpenSSL 3.0.14 4 Jun 2024]
25-Dec-2024 16:42:55.096 INFO [main] org.apache.coyote.AbstractProtocol.init Initializing ProtocolHandler ["http-nio-8080"]
25-Dec-2024 16:42:55.114 INFO [main] org.apache.catalina.startup.Catalina.load Server initialization in [484] milliseconds
25-Dec-2024 16:42:55.202 INFO [main] org.apache.catalina.core.StandardService.startInternal Starting service [Catalina]
25-Dec-2024 16:42:55.202 INFO [main] org.apache.catalina.core.StandardEngine.startInternal Starting Servlet engine: [Apache Tomcat/10.1.34]
25-Dec-2024 16:42:55.215 INFO [main] org.apache.catalina.startup.HostConfig.deployDescriptor Deploying deployment descriptor [D:\Spring-mvc-mongodb\Spring-mvc-mongodb\conf\Catalina\localhost\Spring-mvc-mongodb.xml]
25-Dec-2024 16:42:58.170 INFO [main] org.apache.jasper.servlet.TldScanner.scanJars At least one JAR was scanned for TLDs yet contained no TLDs. Enable debug logging for this logger for a complete list of JARs that were scanned but no TLDs were found in them. Skipping unneeded JARs during scanning can improve startup time and JSP compilation time.
25-Dec-2024 16:43:00.566 INFO [main] org.apache.catalina.startup.HostConfig.deployDescriptor Deployment of deployment descriptor [D:\Spring-mvc-mongodb\Spring-mvc-mongodb\conf\Catalina\localhost\Spring-mvc-mongodb.xml] has finished in [5,350] ms
25-Dec-2024 16:43:00.569 INFO [main] org.apache.coyote.AbstractProtocol.start Starting ProtocolHandler ["http-nio-8080"]
25-Dec-2024 16:43:00.582 INFO [main] org.apache.catalina.startup.Catalina.start Server startup in [5466] milliseconds
25-Dec-2024 16:44:02.733 INFO [Thread-1] org.apache.coyote.AbstractProtocol.pause Pausing ProtocolHandler ["http-nio-8080"]
25-Dec-2024 16:44:02.736 INFO [Thread-1] org.apache.catalina.core.StandardService.stopInternal Stopping service [Catalina]
25-Dec-2024 16:44:02.751 WARNING [Thread-1] org.apache.catalina.loader.WebappClassLoaderBase.clearReferencesThreads The web application [Spring-mvc-mongodb] appears to have started a thread named [BufferPoolPruner-1-thread-1] but has failed to stop it. This is very likely to create a memory leak. Stack trace of thread:
 java.base/jdk.internal.misc.Unsafe.park(Native Method)
 java.base/java.util.concurrent.locks.LockSupport.parkNanos(LockSupport.java:269)
 java.base/java.util.concurrent.locks.AbstractQueuedSynchronizer$ConditionObject.awaitNanos(AbstractQueuedSynchronizer.java:1758)
 java.base/java.util.concurrent.ScheduledThreadPoolExecutor$DelayedWorkQueue.take(ScheduledThreadPoolExecutor.java:1182)
 java.base/java.util.concurrent.ScheduledThreadPoolExecutor$DelayedWorkQueue.take(ScheduledThreadPoolExecutor.java:899)
 java.base/java.util.concurrent.ThreadPoolExecutor.getTask(ThreadPoolExecutor.java:1070)
 java.base/java.util.concurrent.ThreadPoolExecutor.runWorker(ThreadPoolExecutor.java:1130)
 java.base/java.util.concurrent.ThreadPoolExecutor$Worker.run(ThreadPoolExecutor.java:642)
 java.base/java.lang.Thread.run(Thread.java:1570)
25-Dec-2024 16:44:02.754 INFO [Thread-1] org.apache.coyote.AbstractProtocol.stop Stopping ProtocolHandler ["http-nio-8080"]
25-Dec-2024 16:44:02.768 INFO [Thread-1] org.apache.coyote.AbstractProtocol.destroy Destroying ProtocolHandler ["http-nio-8080"]
25-Dec-2024 16:52:49.898 INFO [main] org.apache.catalina.startup.VersionLoggerListener.log Server version name:   Apache Tomcat/10.1.34
25-Dec-2024 16:52:49.902 INFO [main] org.apache.catalina.startup.VersionLoggerListener.log Server built:          Dec 5 2024 16:01:16 UTC
25-Dec-2024 16:52:49.902 INFO [main] org.apache.catalina.startup.VersionLoggerListener.log Server version number: 10.1.34.0
25-Dec-2024 16:52:49.902 INFO [main] org.apache.catalina.startup.VersionLoggerListener.log OS Name:               Windows 11
25-Dec-2024 16:52:49.902 INFO [main] org.apache.catalina.startup.VersionLoggerListener.log OS Version:            10.0
25-Dec-2024 16:52:49.902 INFO [main] org.apache.catalina.startup.VersionLoggerListener.log Architecture:          amd64
25-Dec-2024 16:52:49.902 INFO [main] org.apache.catalina.startup.VersionLoggerListener.log Java Home:             C:\Users\elanc\.jdks\openjdk-22.0.2
25-Dec-2024 16:52:49.902 INFO [main] org.apache.catalina.startup.VersionLoggerListener.log JVM Version:           22.0.2+9-70
25-Dec-2024 16:52:49.903 INFO [main] org.apache.catalina.startup.VersionLoggerListener.log JVM Vendor:            Oracle Corporation
25-Dec-2024 16:52:49.903 INFO [main] org.apache.catalina.startup.VersionLoggerListener.log CATALINA_BASE:         D:\Spring-mvc-mongodb\Spring-mvc-mongodb
25-Dec-2024 16:52:49.903 INFO [main] org.apache.catalina.startup.VersionLoggerListener.log CATALINA_HOME:         C:\Users\elanc\Downloads\apache-tomcat-10.1.34-windows-x64\apache-tomcat-10.1.34
25-Dec-2024 16:52:49.911 INFO [main] org.apache.catalina.startup.VersionLoggerListener.log Command line argument: --add-opens=java.base/java.lang=ALL-UNNAMED
25-Dec-2024 16:52:49.911 INFO [main] org.apache.catalina.startup.VersionLoggerListener.log Command line argument: --add-opens=java.base/java.io=ALL-UNNAMED
25-Dec-2024 16:52:49.911 INFO [main] org.apache.catalina.startup.VersionLoggerListener.log Command line argument: --add-opens=java.base/java.util=ALL-UNNAMED
25-Dec-2024 16:52:49.911 INFO [main] org.apache.catalina.startup.VersionLoggerListener.log Command line argument: --add-opens=java.base/java.util.concurrent=ALL-UNNAMED
25-Dec-2024 16:52:49.911 INFO [main] org.apache.catalina.startup.VersionLoggerListener.log Command line argument: --add-opens=java.rmi/sun.rmi.transport=ALL-UNNAMED
25-Dec-2024 16:52:49.911 INFO [main] org.apache.catalina.startup.VersionLoggerListener.log Command line argument: -Dcatalina.home=C:\Users\elanc\Downloads\apache-tomcat-10.1.34-windows-x64\apache-tomcat-10.1.34
25-Dec-2024 16:52:49.911 INFO [main] org.apache.catalina.startup.VersionLoggerListener.log Command line argument: -Dcatalina.base=D:\Spring-mvc-mongodb\Spring-mvc-mongodb
25-Dec-2024 16:52:49.911 INFO [main] org.apache.catalina.startup.VersionLoggerListener.log Command line argument: -Djava.io.tmpdir=D:\Spring-mvc-mongodb\Spring-mvc-mongodb\temp
25-Dec-2024 16:52:49.911 INFO [main] org.apache.catalina.startup.VersionLoggerListener.log Command line argument: -Djava.util.logging.config.file=D:\Spring-mvc-mongodb\Spring-mvc-mongodb\conf\logging.properties
25-Dec-2024 16:52:49.912 INFO [main] org.apache.catalina.startup.VersionLoggerListener.log Command line argument: -Djava.util.logging.manager=org.apache.juli.ClassLoaderLogManager
25-Dec-2024 16:52:49.912 INFO [main] org.apache.catalina.startup.VersionLoggerListener.log Command line argument: -javaagent:C:\Program Files\JetBrains\IntelliJ IDEA Community Edition 2024.2.1\lib\idea_rt.jar=55807:C:\Program Files\JetBrains\IntelliJ IDEA Community Edition 2024.2.1\bin
25-Dec-2024 16:52:49.912 INFO [main] org.apache.catalina.startup.VersionLoggerListener.log Command line argument: -Dfile.encoding=UTF-8
25-Dec-2024 16:52:49.912 INFO [main] org.apache.catalina.startup.VersionLoggerListener.log Command line argument: -Dsun.stdout.encoding=UTF-8
25-Dec-2024 16:52:49.912 INFO [main] org.apache.catalina.startup.VersionLoggerListener.log Command line argument: -Dsun.stderr.encoding=UTF-8
25-Dec-2024 16:52:49.915 INFO [main] org.apache.catalina.core.AprLifecycleListener.lifecycleEvent Loaded Apache Tomcat Native library [2.0.8] using APR version [1.7.4].
25-Dec-2024 16:52:49.920 INFO [main] org.apache.catalina.core.AprLifecycleListener.initializeSSL OpenSSL successfully initialized [OpenSSL 3.0.14 4 Jun 2024]
25-Dec-2024 16:52:50.189 INFO [main] org.apache.coyote.AbstractProtocol.init Initializing ProtocolHandler ["http-nio-8080"]
25-Dec-2024 16:52:50.207 INFO [main] org.apache.catalina.startup.Catalina.load Server initialization in [480] milliseconds
25-Dec-2024 16:52:50.291 INFO [main] org.apache.catalina.core.StandardService.startInternal Starting service [Catalina]
25-Dec-2024 16:52:50.292 INFO [main] org.apache.catalina.core.StandardEngine.startInternal Starting Servlet engine: [Apache Tomcat/10.1.34]
25-Dec-2024 16:52:50.301 INFO [main] org.apache.catalina.startup.HostConfig.deployDescriptor Deploying deployment descriptor [D:\Spring-mvc-mongodb\Spring-mvc-mongodb\conf\Catalina\localhost\Spring-mvc-mongodb.xml]
25-Dec-2024 16:52:53.239 INFO [main] org.apache.jasper.servlet.TldScanner.scanJars At least one JAR was scanned for TLDs yet contained no TLDs. Enable debug logging for this logger for a complete list of JARs that were scanned but no TLDs were found in them. Skipping unneeded JARs during scanning can improve startup time and JSP compilation time.
25-Dec-2024 16:52:55.562 INFO [main] org.apache.catalina.startup.HostConfig.deployDescriptor Deployment of deployment descriptor [D:\Spring-mvc-mongodb\Spring-mvc-mongodb\conf\Catalina\localhost\Spring-mvc-mongodb.xml] has finished in [5,259] ms
25-Dec-2024 16:52:55.565 INFO [main] org.apache.coyote.AbstractProtocol.start Starting ProtocolHandler ["http-nio-8080"]
25-Dec-2024 16:52:55.576 INFO [main] org.apache.catalina.startup.Catalina.start Server startup in [5368] milliseconds
25-Dec-2024 16:54:49.197 INFO [Thread-1] org.apache.coyote.AbstractProtocol.pause Pausing ProtocolHandler ["http-nio-8080"]
25-Dec-2024 16:54:49.205 INFO [Thread-1] org.apache.catalina.core.StandardService.stopInternal Stopping service [Catalina]
25-Dec-2024 16:54:49.251 WARNING [Thread-1] org.apache.catalina.loader.WebappClassLoaderBase.clearReferencesThreads The web application [Spring-mvc-mongodb] appears to have started a thread named [BufferPoolPruner-1-thread-1] but has failed to stop it. This is very likely to create a memory leak. Stack trace of thread:
 java.base/jdk.internal.misc.Unsafe.park(Native Method)
 java.base/java.util.concurrent.locks.LockSupport.parkNanos(LockSupport.java:269)
 java.base/java.util.concurrent.locks.AbstractQueuedSynchronizer$ConditionObject.awaitNanos(AbstractQueuedSynchronizer.java:1758)
 java.base/java.util.concurrent.ScheduledThreadPoolExecutor$DelayedWorkQueue.take(ScheduledThreadPoolExecutor.java:1182)
 java.base/java.util.concurrent.ScheduledThreadPoolExecutor$DelayedWorkQueue.take(ScheduledThreadPoolExecutor.java:899)
 java.base/java.util.concurrent.ThreadPoolExecutor.getTask(ThreadPoolExecutor.java:1070)
 java.base/java.util.concurrent.ThreadPoolExecutor.runWorker(ThreadPoolExecutor.java:1130)
 java.base/java.util.concurrent.ThreadPoolExecutor$Worker.run(ThreadPoolExecutor.java:642)
 java.base/java.lang.Thread.run(Thread.java:1570)
25-Dec-2024 16:54:49.262 INFO [Thread-1] org.apache.coyote.AbstractProtocol.stop Stopping ProtocolHandler ["http-nio-8080"]
25-Dec-2024 16:54:49.278 INFO [Thread-1] org.apache.coyote.AbstractProtocol.destroy Destroying ProtocolHandler ["http-nio-8080"]
25-Dec-2024 16:56:16.025 INFO [main] org.apache.catalina.startup.VersionLoggerListener.log Server version name:   Apache Tomcat/10.1.34
25-Dec-2024 16:56:16.028 INFO [main] org.apache.catalina.startup.VersionLoggerListener.log Server built:          Dec 5 2024 16:01:16 UTC
25-Dec-2024 16:56:16.028 INFO [main] org.apache.catalina.startup.VersionLoggerListener.log Server version number: 10.1.34.0
25-Dec-2024 16:56:16.028 INFO [main] org.apache.catalina.startup.VersionLoggerListener.log OS Name:               Windows 11
25-Dec-2024 16:56:16.028 INFO [main] org.apache.catalina.startup.VersionLoggerListener.log OS Version:            10.0
25-Dec-2024 16:56:16.028 INFO [main] org.apache.catalina.startup.VersionLoggerListener.log Architecture:          amd64
25-Dec-2024 16:56:16.028 INFO [main] org.apache.catalina.startup.VersionLoggerListener.log Java Home:             C:\Users\elanc\.jdks\openjdk-22.0.2
25-Dec-2024 16:56:16.028 INFO [main] org.apache.catalina.startup.VersionLoggerListener.log JVM Version:           22.0.2+9-70
25-Dec-2024 16:56:16.029 INFO [main] org.apache.catalina.startup.VersionLoggerListener.log JVM Vendor:            Oracle Corporation
25-Dec-2024 16:56:16.029 INFO [main] org.apache.catalina.startup.VersionLoggerListener.log CATALINA_BASE:         D:\Spring-mvc-mongodb\Spring-mvc-mongodb
25-Dec-2024 16:56:16.029 INFO [main] org.apache.catalina.startup.VersionLoggerListener.log CATALINA_HOME:         C:\Users\elanc\Downloads\apache-tomcat-10.1.34-windows-x64\apache-tomcat-10.1.34
25-Dec-2024 16:56:16.036 INFO [main] org.apache.catalina.startup.VersionLoggerListener.log Command line argument: --add-opens=java.base/java.lang=ALL-UNNAMED
25-Dec-2024 16:56:16.036 INFO [main] org.apache.catalina.startup.VersionLoggerListener.log Command line argument: --add-opens=java.base/java.io=ALL-UNNAMED
25-Dec-2024 16:56:16.036 INFO [main] org.apache.catalina.startup.VersionLoggerListener.log Command line argument: --add-opens=java.base/java.util=ALL-UNNAMED
25-Dec-2024 16:56:16.036 INFO [main] org.apache.catalina.startup.VersionLoggerListener.log Command line argument: --add-opens=java.base/java.util.concurrent=ALL-UNNAMED
25-Dec-2024 16:56:16.036 INFO [main] org.apache.catalina.startup.VersionLoggerListener.log Command line argument: --add-opens=java.rmi/sun.rmi.transport=ALL-UNNAMED
25-Dec-2024 16:56:16.036 INFO [main] org.apache.catalina.startup.VersionLoggerListener.log Command line argument: -Dcatalina.home=C:\Users\elanc\Downloads\apache-tomcat-10.1.34-windows-x64\apache-tomcat-10.1.34
25-Dec-2024 16:56:16.036 INFO [main] org.apache.catalina.startup.VersionLoggerListener.log Command line argument: -Dcatalina.base=D:\Spring-mvc-mongodb\Spring-mvc-mongodb
25-Dec-2024 16:56:16.036 INFO [main] org.apache.catalina.startup.VersionLoggerListener.log Command line argument: -Djava.io.tmpdir=D:\Spring-mvc-mongodb\Spring-mvc-mongodb\temp
25-Dec-2024 16:56:16.037 INFO [main] org.apache.catalina.startup.VersionLoggerListener.log Command line argument: -Djava.util.logging.config.file=D:\Spring-mvc-mongodb\Spring-mvc-mongodb\conf\logging.properties
25-Dec-2024 16:56:16.037 INFO [main] org.apache.catalina.startup.VersionLoggerListener.log Command line argument: -Djava.util.logging.manager=org.apache.juli.ClassLoaderLogManager
25-Dec-2024 16:56:16.037 INFO [main] org.apache.catalina.startup.VersionLoggerListener.log Command line argument: -javaagent:C:\Program Files\JetBrains\IntelliJ IDEA Community Edition 2024.2.1\lib\idea_rt.jar=55966:C:\Program Files\JetBrains\IntelliJ IDEA Community Edition 2024.2.1\bin
25-Dec-2024 16:56:16.037 INFO [main] org.apache.catalina.startup.VersionLoggerListener.log Command line argument: -Dfile.encoding=UTF-8
25-Dec-2024 16:56:16.037 INFO [main] org.apache.catalina.startup.VersionLoggerListener.log Command line argument: -Dsun.stdout.encoding=UTF-8
25-Dec-2024 16:56:16.037 INFO [main] org.apache.catalina.startup.VersionLoggerListener.log Command line argument: -Dsun.stderr.encoding=UTF-8
25-Dec-2024 16:56:16.039 INFO [main] org.apache.catalina.core.AprLifecycleListener.lifecycleEvent Loaded Apache Tomcat Native library [2.0.8] using APR version [1.7.4].
25-Dec-2024 16:56:16.044 INFO [main] org.apache.catalina.core.AprLifecycleListener.initializeSSL OpenSSL successfully initialized [OpenSSL 3.0.14 4 Jun 2024]
25-Dec-2024 16:56:16.308 INFO [main] org.apache.coyote.AbstractProtocol.init Initializing ProtocolHandler ["http-nio-8080"]
25-Dec-2024 16:56:16.323 INFO [main] org.apache.catalina.startup.Catalina.load Server initialization in [468] milliseconds
25-Dec-2024 16:56:16.394 INFO [main] org.apache.catalina.core.StandardService.startInternal Starting service [Catalina]
25-Dec-2024 16:56:16.395 INFO [main] org.apache.catalina.core.StandardEngine.startInternal Starting Servlet engine: [Apache Tomcat/10.1.34]
25-Dec-2024 16:56:16.404 INFO [main] org.apache.catalina.startup.HostConfig.deployDescriptor Deploying deployment descriptor [D:\Spring-mvc-mongodb\Spring-mvc-mongodb\conf\Catalina\localhost\Spring-mvc-mongodb.xml]
25-Dec-2024 16:56:19.319 INFO [main] org.apache.jasper.servlet.TldScanner.scanJars At least one JAR was scanned for TLDs yet contained no TLDs. Enable debug logging for this logger for a complete list of JARs that were scanned but no TLDs were found in them. Skipping unneeded JARs during scanning can improve startup time and JSP compilation time.
25-Dec-2024 16:56:21.642 INFO [main] org.apache.catalina.startup.HostConfig.deployDescriptor Deployment of deployment descriptor [D:\Spring-mvc-mongodb\Spring-mvc-mongodb\conf\Catalina\localhost\Spring-mvc-mongodb.xml] has finished in [5,237] ms
25-Dec-2024 16:56:21.645 INFO [main] org.apache.coyote.AbstractProtocol.start Starting ProtocolHandler ["http-nio-8080"]
25-Dec-2024 16:56:21.661 INFO [main] org.apache.catalina.startup.Catalina.start Server startup in [5336] milliseconds
25-Dec-2024 16:58:58.887 INFO [Thread-1] org.apache.coyote.AbstractProtocol.pause Pausing ProtocolHandler ["http-nio-8080"]
25-Dec-2024 16:58:58.892 INFO [Thread-1] org.apache.catalina.core.StandardService.stopInternal Stopping service [Catalina]
25-Dec-2024 16:58:58.908 WARNING [Thread-1] org.apache.catalina.loader.WebappClassLoaderBase.clearReferencesThreads The web application [Spring-mvc-mongodb] appears to have started a thread named [BufferPoolPruner-1-thread-1] but has failed to stop it. This is very likely to create a memory leak. Stack trace of thread:
 java.base/jdk.internal.misc.Unsafe.park(Native Method)
 java.base/java.util.concurrent.locks.LockSupport.parkNanos(LockSupport.java:269)
 java.base/java.util.concurrent.locks.AbstractQueuedSynchronizer$ConditionObject.awaitNanos(AbstractQueuedSynchronizer.java:1758)
 java.base/java.util.concurrent.ScheduledThreadPoolExecutor$DelayedWorkQueue.take(ScheduledThreadPoolExecutor.java:1182)
 java.base/java.util.concurrent.ScheduledThreadPoolExecutor$DelayedWorkQueue.take(ScheduledThreadPoolExecutor.java:899)
 java.base/java.util.concurrent.ThreadPoolExecutor.getTask(ThreadPoolExecutor.java:1070)
 java.base/java.util.concurrent.ThreadPoolExecutor.runWorker(ThreadPoolExecutor.java:1130)
 java.base/java.util.concurrent.ThreadPoolExecutor$Worker.run(ThreadPoolExecutor.java:642)
 java.base/java.lang.Thread.run(Thread.java:1570)
25-Dec-2024 16:58:58.913 INFO [Thread-1] org.apache.coyote.AbstractProtocol.stop Stopping ProtocolHandler ["http-nio-8080"]
25-Dec-2024 16:58:58.923 INFO [Thread-1] org.apache.coyote.AbstractProtocol.destroy Destroying ProtocolHandler ["http-nio-8080"]
25-Dec-2024 17:00:56.341 INFO [main] org.apache.catalina.startup.VersionLoggerListener.log Server version name:   Apache Tomcat/10.1.34
25-Dec-2024 17:00:56.345 INFO [main] org.apache.catalina.startup.VersionLoggerListener.log Server built:          Dec 5 2024 16:01:16 UTC
25-Dec-2024 17:00:56.345 INFO [main] org.apache.catalina.startup.VersionLoggerListener.log Server version number: 10.1.34.0
25-Dec-2024 17:00:56.345 INFO [main] org.apache.catalina.startup.VersionLoggerListener.log OS Name:               Windows 11
25-Dec-2024 17:00:56.345 INFO [main] org.apache.catalina.startup.VersionLoggerListener.log OS Version:            10.0
25-Dec-2024 17:00:56.345 INFO [main] org.apache.catalina.startup.VersionLoggerListener.log Architecture:          amd64
25-Dec-2024 17:00:56.345 INFO [main] org.apache.catalina.startup.VersionLoggerListener.log Java Home:             C:\Users\elanc\.jdks\openjdk-22.0.2
25-Dec-2024 17:00:56.346 INFO [main] org.apache.catalina.startup.VersionLoggerListener.log JVM Version:           22.0.2+9-70
25-Dec-2024 17:00:56.346 INFO [main] org.apache.catalina.startup.VersionLoggerListener.log JVM Vendor:            Oracle Corporation
25-Dec-2024 17:00:56.346 INFO [main] org.apache.catalina.startup.VersionLoggerListener.log CATALINA_BASE:         D:\Spring-mvc-mongodb\Spring-mvc-mongodb
25-Dec-2024 17:00:56.346 INFO [main] org.apache.catalina.startup.VersionLoggerListener.log CATALINA_HOME:         C:\Users\elanc\Downloads\apache-tomcat-10.1.34-windows-x64\apache-tomcat-10.1.34
25-Dec-2024 17:00:56.354 INFO [main] org.apache.catalina.startup.VersionLoggerListener.log Command line argument: --add-opens=java.base/java.lang=ALL-UNNAMED
25-Dec-2024 17:00:56.355 INFO [main] org.apache.catalina.startup.VersionLoggerListener.log Command line argument: --add-opens=java.base/java.io=ALL-UNNAMED
25-Dec-2024 17:00:56.355 INFO [main] org.apache.catalina.startup.VersionLoggerListener.log Command line argument: --add-opens=java.base/java.util=ALL-UNNAMED
25-Dec-2024 17:00:56.355 INFO [main] org.apache.catalina.startup.VersionLoggerListener.log Command line argument: --add-opens=java.base/java.util.concurrent=ALL-UNNAMED
25-Dec-2024 17:00:56.355 INFO [main] org.apache.catalina.startup.VersionLoggerListener.log Command line argument: --add-opens=java.rmi/sun.rmi.transport=ALL-UNNAMED
25-Dec-2024 17:00:56.355 INFO [main] org.apache.catalina.startup.VersionLoggerListener.log Command line argument: -Dcatalina.home=C:\Users\elanc\Downloads\apache-tomcat-10.1.34-windows-x64\apache-tomcat-10.1.34
25-Dec-2024 17:00:56.355 INFO [main] org.apache.catalina.startup.VersionLoggerListener.log Command line argument: -Dcatalina.base=D:\Spring-mvc-mongodb\Spring-mvc-mongodb
25-Dec-2024 17:00:56.355 INFO [main] org.apache.catalina.startup.VersionLoggerListener.log Command line argument: -Djava.io.tmpdir=D:\Spring-mvc-mongodb\Spring-mvc-mongodb\temp
25-Dec-2024 17:00:56.355 INFO [main] org.apache.catalina.startup.VersionLoggerListener.log Command line argument: -Djava.util.logging.config.file=D:\Spring-mvc-mongodb\Spring-mvc-mongodb\conf\logging.properties
25-Dec-2024 17:00:56.355 INFO [main] org.apache.catalina.startup.VersionLoggerListener.log Command line argument: -Djava.util.logging.manager=org.apache.juli.ClassLoaderLogManager
25-Dec-2024 17:00:56.355 INFO [main] org.apache.catalina.startup.VersionLoggerListener.log Command line argument: -javaagent:C:\Program Files\JetBrains\IntelliJ IDEA Community Edition 2024.2.1\lib\idea_rt.jar=56154:C:\Program Files\JetBrains\IntelliJ IDEA Community Edition 2024.2.1\bin
25-Dec-2024 17:00:56.356 INFO [main] org.apache.catalina.startup.VersionLoggerListener.log Command line argument: -Dfile.encoding=UTF-8
25-Dec-2024 17:00:56.356 INFO [main] org.apache.catalina.startup.VersionLoggerListener.log Command line argument: -Dsun.stdout.encoding=UTF-8
25-Dec-2024 17:00:56.356 INFO [main] org.apache.catalina.startup.VersionLoggerListener.log Command line argument: -Dsun.stderr.encoding=UTF-8
25-Dec-2024 17:00:56.358 INFO [main] org.apache.catalina.core.AprLifecycleListener.lifecycleEvent Loaded Apache Tomcat Native library [2.0.8] using APR version [1.7.4].
25-Dec-2024 17:00:56.362 INFO [main] org.apache.catalina.core.AprLifecycleListener.initializeSSL OpenSSL successfully initialized [OpenSSL 3.0.14 4 Jun 2024]
25-Dec-2024 17:00:56.646 INFO [main] org.apache.coyote.AbstractProtocol.init Initializing ProtocolHandler ["http-nio-8080"]
25-Dec-2024 17:00:56.666 INFO [main] org.apache.catalina.startup.Catalina.load Server initialization in [504] milliseconds
25-Dec-2024 17:00:56.747 INFO [main] org.apache.catalina.core.StandardService.startInternal Starting service [Catalina]
25-Dec-2024 17:00:56.747 INFO [main] org.apache.catalina.core.StandardEngine.startInternal Starting Servlet engine: [Apache Tomcat/10.1.34]
25-Dec-2024 17:00:56.757 INFO [main] org.apache.catalina.startup.HostConfig.deployDescriptor Deploying deployment descriptor [D:\Spring-mvc-mongodb\Spring-mvc-mongodb\conf\Catalina\localhost\Spring-mvc-mongodb.xml]
25-Dec-2024 17:00:59.771 INFO [main] org.apache.jasper.servlet.TldScanner.scanJars At least one JAR was scanned for TLDs yet contained no TLDs. Enable debug logging for this logger for a complete list of JARs that were scanned but no TLDs were found in them. Skipping unneeded JARs during scanning can improve startup time and JSP compilation time.
25-Dec-2024 17:01:02.109 INFO [main] org.apache.catalina.startup.HostConfig.deployDescriptor Deployment of deployment descriptor [D:\Spring-mvc-mongodb\Spring-mvc-mongodb\conf\Catalina\localhost\Spring-mvc-mongodb.xml] has finished in [5,350] ms
25-Dec-2024 17:01:02.112 INFO [main] org.apache.coyote.AbstractProtocol.start Starting ProtocolHandler ["http-nio-8080"]
25-Dec-2024 17:01:02.124 INFO [main] org.apache.catalina.startup.Catalina.start Server startup in [5456] milliseconds
25-Dec-2024 17:01:44.612 INFO [Thread-1] org.apache.coyote.AbstractProtocol.pause Pausing ProtocolHandler ["http-nio-8080"]
25-Dec-2024 17:01:44.616 INFO [Thread-1] org.apache.catalina.core.StandardService.stopInternal Stopping service [Catalina]
25-Dec-2024 17:01:44.631 WARNING [Thread-1] org.apache.catalina.loader.WebappClassLoaderBase.clearReferencesThreads The web application [Spring-mvc-mongodb] appears to have started a thread named [BufferPoolPruner-1-thread-1] but has failed to stop it. This is very likely to create a memory leak. Stack trace of thread:
 java.base/jdk.internal.misc.Unsafe.park(Native Method)
 java.base/java.util.concurrent.locks.LockSupport.parkNanos(LockSupport.java:269)
 java.base/java.util.concurrent.locks.AbstractQueuedSynchronizer$ConditionObject.awaitNanos(AbstractQueuedSynchronizer.java:1758)
 java.base/java.util.concurrent.ScheduledThreadPoolExecutor$DelayedWorkQueue.take(ScheduledThreadPoolExecutor.java:1182)
 java.base/java.util.concurrent.ScheduledThreadPoolExecutor$DelayedWorkQueue.take(ScheduledThreadPoolExecutor.java:899)
 java.base/java.util.concurrent.ThreadPoolExecutor.getTask(ThreadPoolExecutor.java:1070)
 java.base/java.util.concurrent.ThreadPoolExecutor.runWorker(ThreadPoolExecutor.java:1130)
 java.base/java.util.concurrent.ThreadPoolExecutor$Worker.run(ThreadPoolExecutor.java:642)
 java.base/java.lang.Thread.run(Thread.java:1570)
25-Dec-2024 17:01:44.634 INFO [Thread-1] org.apache.coyote.AbstractProtocol.stop Stopping ProtocolHandler ["http-nio-8080"]
25-Dec-2024 17:01:44.647 INFO [Thread-1] org.apache.coyote.AbstractProtocol.destroy Destroying ProtocolHandler ["http-nio-8080"]
25-Dec-2024 17:01:45.917 INFO [main] org.apache.catalina.startup.VersionLoggerListener.log Server version name:   Apache Tomcat/10.1.34
25-Dec-2024 17:01:45.920 INFO [main] org.apache.catalina.startup.VersionLoggerListener.log Server built:          Dec 5 2024 16:01:16 UTC
25-Dec-2024 17:01:45.920 INFO [main] org.apache.catalina.startup.VersionLoggerListener.log Server version number: 10.1.34.0
25-Dec-2024 17:01:45.921 INFO [main] org.apache.catalina.startup.VersionLoggerListener.log OS Name:               Windows 11
25-Dec-2024 17:01:45.921 INFO [main] org.apache.catalina.startup.VersionLoggerListener.log OS Version:            10.0
25-Dec-2024 17:01:45.921 INFO [main] org.apache.catalina.startup.VersionLoggerListener.log Architecture:          amd64
25-Dec-2024 17:01:45.921 INFO [main] org.apache.catalina.startup.VersionLoggerListener.log Java Home:             C:\Users\elanc\.jdks\openjdk-22.0.2
25-Dec-2024 17:01:45.921 INFO [main] org.apache.catalina.startup.VersionLoggerListener.log JVM Version:           22.0.2+9-70
25-Dec-2024 17:01:45.921 INFO [main] org.apache.catalina.startup.VersionLoggerListener.log JVM Vendor:            Oracle Corporation
25-Dec-2024 17:01:45.921 INFO [main] org.apache.catalina.startup.VersionLoggerListener.log CATALINA_BASE:         D:\Spring-mvc-mongodb\Spring-mvc-mongodb
25-Dec-2024 17:01:45.921 INFO [main] org.apache.catalina.startup.VersionLoggerListener.log CATALINA_HOME:         C:\Users\elanc\Downloads\apache-tomcat-10.1.34-windows-x64\apache-tomcat-10.1.34
25-Dec-2024 17:01:45.928 INFO [main] org.apache.catalina.startup.VersionLoggerListener.log Command line argument: --add-opens=java.base/java.lang=ALL-UNNAMED
25-Dec-2024 17:01:45.929 INFO [main] org.apache.catalina.startup.VersionLoggerListener.log Command line argument: --add-opens=java.base/java.io=ALL-UNNAMED
25-Dec-2024 17:01:45.929 INFO [main] org.apache.catalina.startup.VersionLoggerListener.log Command line argument: --add-opens=java.base/java.util=ALL-UNNAMED
25-Dec-2024 17:01:45.929 INFO [main] org.apache.catalina.startup.VersionLoggerListener.log Command line argument: --add-opens=java.base/java.util.concurrent=ALL-UNNAMED
25-Dec-2024 17:01:45.929 INFO [main] org.apache.catalina.startup.VersionLoggerListener.log Command line argument: --add-opens=java.rmi/sun.rmi.transport=ALL-UNNAMED
25-Dec-2024 17:01:45.929 INFO [main] org.apache.catalina.startup.VersionLoggerListener.log Command line argument: -Dcatalina.home=C:\Users\elanc\Downloads\apache-tomcat-10.1.34-windows-x64\apache-tomcat-10.1.34
25-Dec-2024 17:01:45.929 INFO [main] org.apache.catalina.startup.VersionLoggerListener.log Command line argument: -Dcatalina.base=D:\Spring-mvc-mongodb\Spring-mvc-mongodb
25-Dec-2024 17:01:45.929 INFO [main] org.apache.catalina.startup.VersionLoggerListener.log Command line argument: -Djava.io.tmpdir=D:\Spring-mvc-mongodb\Spring-mvc-mongodb\temp
25-Dec-2024 17:01:45.929 INFO [main] org.apache.catalina.startup.VersionLoggerListener.log Command line argument: -Djava.util.logging.config.file=D:\Spring-mvc-mongodb\Spring-mvc-mongodb\conf\logging.properties
25-Dec-2024 17:01:45.930 INFO [main] org.apache.catalina.startup.VersionLoggerListener.log Command line argument: -Djava.util.logging.manager=org.apache.juli.ClassLoaderLogManager
25-Dec-2024 17:01:45.930 INFO [main] org.apache.catalina.startup.VersionLoggerListener.log Command line argument: -javaagent:C:\Program Files\JetBrains\IntelliJ IDEA Community Edition 2024.2.1\lib\idea_rt.jar=56206:C:\Program Files\JetBrains\IntelliJ IDEA Community Edition 2024.2.1\bin
25-Dec-2024 17:01:45.930 INFO [main] org.apache.catalina.startup.VersionLoggerListener.log Command line argument: -Dfile.encoding=UTF-8
25-Dec-2024 17:01:45.930 INFO [main] org.apache.catalina.startup.VersionLoggerListener.log Command line argument: -Dsun.stdout.encoding=UTF-8
25-Dec-2024 17:01:45.930 INFO [main] org.apache.catalina.startup.VersionLoggerListener.log Command line argument: -Dsun.stderr.encoding=UTF-8
25-Dec-2024 17:01:45.932 INFO [main] org.apache.catalina.core.AprLifecycleListener.lifecycleEvent Loaded Apache Tomcat Native library [2.0.8] using APR version [1.7.4].
25-Dec-2024 17:01:45.937 INFO [main] org.apache.catalina.core.AprLifecycleListener.initializeSSL OpenSSL successfully initialized [OpenSSL 3.0.14 4 Jun 2024]
25-Dec-2024 17:01:46.192 INFO [main] org.apache.coyote.AbstractProtocol.init Initializing ProtocolHandler ["http-nio-8080"]
25-Dec-2024 17:01:46.209 INFO [main] org.apache.catalina.startup.Catalina.load Server initialization in [480] milliseconds
25-Dec-2024 17:01:46.304 INFO [main] org.apache.catalina.core.StandardService.startInternal Starting service [Catalina]
25-Dec-2024 17:01:46.305 INFO [main] org.apache.catalina.core.StandardEngine.startInternal Starting Servlet engine: [Apache Tomcat/10.1.34]
25-Dec-2024 17:01:46.320 INFO [main] org.apache.catalina.startup.HostConfig.deployDescriptor Deploying deployment descriptor [D:\Spring-mvc-mongodb\Spring-mvc-mongodb\conf\Catalina\localhost\Spring-mvc-mongodb.xml]
25-Dec-2024 17:01:49.313 INFO [main] org.apache.jasper.servlet.TldScanner.scanJars At least one JAR was scanned for TLDs yet contained no TLDs. Enable debug logging for this logger for a complete list of JARs that were scanned but no TLDs were found in them. Skipping unneeded JARs during scanning can improve startup time and JSP compilation time.
25-Dec-2024 17:01:51.747 INFO [main] org.apache.catalina.startup.HostConfig.deployDescriptor Deployment of deployment descriptor [D:\Spring-mvc-mongodb\Spring-mvc-mongodb\conf\Catalina\localhost\Spring-mvc-mongodb.xml] has finished in [5,426] ms
25-Dec-2024 17:01:51.751 INFO [main] org.apache.coyote.AbstractProtocol.start Starting ProtocolHandler ["http-nio-8080"]
25-Dec-2024 17:01:51.764 INFO [main] org.apache.catalina.startup.Catalina.start Server startup in [5553] milliseconds
25-Dec-2024 17:10:13.558 INFO [Thread-1] org.apache.coyote.AbstractProtocol.pause Pausing ProtocolHandler ["http-nio-8080"]
25-Dec-2024 17:10:13.561 INFO [Thread-1] org.apache.catalina.core.StandardService.stopInternal Stopping service [Catalina]
25-Dec-2024 17:10:13.575 WARNING [Thread-1] org.apache.catalina.loader.WebappClassLoaderBase.clearReferencesThreads The web application [Spring-mvc-mongodb] appears to have started a thread named [BufferPoolPruner-1-thread-1] but has failed to stop it. This is very likely to create a memory leak. Stack trace of thread:
 java.base/jdk.internal.misc.Unsafe.park(Native Method)
 java.base/java.util.concurrent.locks.LockSupport.parkNanos(LockSupport.java:269)
 java.base/java.util.concurrent.locks.AbstractQueuedSynchronizer$ConditionObject.awaitNanos(AbstractQueuedSynchronizer.java:1758)
 java.base/java.util.concurrent.ScheduledThreadPoolExecutor$DelayedWorkQueue.take(ScheduledThreadPoolExecutor.java:1182)
 java.base/java.util.concurrent.ScheduledThreadPoolExecutor$DelayedWorkQueue.take(ScheduledThreadPoolExecutor.java:899)
 java.base/java.util.concurrent.ThreadPoolExecutor.getTask(ThreadPoolExecutor.java:1070)
 java.base/java.util.concurrent.ThreadPoolExecutor.runWorker(ThreadPoolExecutor.java:1130)
 java.base/java.util.concurrent.ThreadPoolExecutor$Worker.run(ThreadPoolExecutor.java:642)
 java.base/java.lang.Thread.run(Thread.java:1570)
25-Dec-2024 17:10:13.579 INFO [Thread-1] org.apache.coyote.AbstractProtocol.stop Stopping ProtocolHandler ["http-nio-8080"]
25-Dec-2024 17:10:13.601 INFO [Thread-1] org.apache.coyote.AbstractProtocol.destroy Destroying ProtocolHandler ["http-nio-8080"]
